URGENT MLG SITUATION: 4.030 blocks to target!
[20:51:34] [Render thread/INFO] (mlgmaster) EXECUTING DISTANCE-BASED PLACEMENT:
[20:51:34] [Render thread/INFO] (mlgmaster) Target: BlockPos{x=18, y=66, z=-6} at (18.5, 67.5, -5.5)
[20:51:34] [Render thread/INFO] (mlgmaster)   Landing block: BlockPos{x=18, y=66, z=-6} at (18, 66, -6)
[20:51:34] [Render thread/INFO] (mlgmaster)   Water position: BlockPos{x=18, y=67, z=-6} at (18, 67, -6)
[20:51:34] [Render thread/INFO] (mlgmaster) Executing placement with mixin accessor:
[20:51:34] [Render thread/INFO] (mlgmaster)   Target block: BlockPos{x=18, y=66, z=-6}
[20:51:34] [Render thread/INFO] (mlgmaster)   Look target: (18.500, 67.500, -5.500)
[20:51:34] [Render thread/INFO] (mlgmaster) Stored original rotation: Yaw=280.058 | Pitch=23.158
[20:51:34] [Render thread/INFO] (mlgmaster) Looking at target: (18.5, 67.5, -5.5) | Set rotation: Yaw=-193.702 | Pitch=83.900
[20:51:34] [Render thread/INFO] (mlgmaster) Player rotation adjusted: Yaw=-193.702, Pitch=83.892
[20:51:34] [Render thread/INFO] (mlgmaster) Player main hand item: minecraft:water_bucket
[20:51:34] [Render thread/INFO] (mlgmaster) Player off hand item: minecraft:air
[20:51:34] [Render thread/INFO] (mlgmaster) Strategy 1: Direct item placement
[20:51:34] [Render thread/INFO] (mlgmaster)   Main hand result: false
[20:51:34] [Render thread/INFO] (mlgmaster) Strategy 2 skipped: No water bucket in offhand
[20:51:34] [Render thread/INFO] (mlgmaster) Strategy 3: Block interaction placement
[20:51:34] [Render thread/INFO] (mlgmaster)   Block interaction result: false
[20:51:34] [Render thread/INFO] (mlgmaster) Strategy 4: Internal block interaction placement
[20:51:34] [Render thread/INFO] (mlgmaster)   Internal block interaction result: false
[20:51:34] [Render thread/INFO] (mlgmaster) Strategy 5: Comprehensive water placement
[20:51:34] [Render thread/INFO] (mlgmaster)   Comprehensive water placement result: false
[20:51:34] [Render thread/ERROR] (mlgmaster) ALL PLACEMENT STRATEGIES FAILED!
[20:51:34] [Render thread/ERROR] (mlgmaster) Failure analysis:
[20:51:34] [Render thread/ERROR] (mlgmaster)   Target block: BlockPos{x=18, y=66, z=-6} (state: Block{minecraft:grass_block}[snowy=false])
[20:51:34] [Render thread/ERROR] (mlgmaster)   Player distance to target: 4.030 blocks
[20:51:34] [Render thread/ERROR] (mlgmaster)   Player main hand: 1 minecraft:water_bucket
[20:51:34] [Render thread/ERROR] (mlgmaster)   Player off hand: 0 minecraft:air
[20:51:34] [Render thread/ERROR] (mlgmaster)   Final rotation: Yaw=-193.702, Pitch=83.892